INFO:root:Variable containing:
 347.7675
[torch.cuda.FloatTensor of size 1 (GPU 0)]
 Variable containing:
 347.7675
[torch.cuda.FloatTensor of size 1 (GPU 0)]

INFO:root:Variable containing:
 390.8827
[torch.cuda.FloatTensor of size 1 (GPU 0)]
 Variable containing:
 390.8827
[torch.cuda.FloatTensor of size 1 (GPU 0)]

INFO:root:save model to model/vae_iter_0.pth.tar
INFO:root:Variable containing:
 367.5915
[torch.cuda.FloatTensor of size 1 (GPU 0)]
 Variable containing:
 367.5915
[torch.cuda.FloatTensor of size 1 (GPU 0)]

INFO:root:save model to model/vae_iter_0.pth.tar
INFO:root:Variable containing:
 1.2467
[torch.cuda.FloatTensor of size 1 (GPU 0)]
 Variable containing:
 1.2467
[torch.cuda.FloatTensor of size 1 (GPU 0)]

INFO:root:Variable containing:
 0.9453
[torch.cuda.FloatTensor of size 1 (GPU 0)]
 Variable containing:
 0.9453
[torch.cuda.FloatTensor of size 1 (GPU 0)]

INFO:root:save model to model/vae_iter_200.pth.tar
INFO:root:Variable containing:
 0.8480
[torch.cuda.FloatTensor of size 1 (GPU 0)]
 Variable containing:
 0.8480
[torch.cuda.FloatTensor of size 1 (GPU 0)]

INFO:root:Variable containing:
 2.1614
[torch.cuda.FloatTensor of size 1 (GPU 0)]
 Variable containing:
 2.1614
[torch.cuda.FloatTensor of size 1 (GPU 0)]

INFO:root:save model to model/vae_iter_400.pth.tar
INFO:root:Variable containing:
 0.7908
[torch.cuda.FloatTensor of size 1 (GPU 0)]
 Variable containing:
 0.7908
[torch.cuda.FloatTensor of size 1 (GPU 0)]

INFO:root:Variable containing:
 0.8156
[torch.cuda.FloatTensor of size 1 (GPU 0)]
 Variable containing:
 0.8156
[torch.cuda.FloatTensor of size 1 (GPU 0)]

INFO:root:save model to model/vae_iter_600.pth.tar
INFO:root:Variable containing:
 0.7916
[torch.cuda.FloatTensor of size 1 (GPU 0)]
 Variable containing:
 0.7916
[torch.cuda.FloatTensor of size 1 (GPU 0)]

INFO:root:Variable containing:
 0.8415
[torch.cuda.FloatTensor of size 1 (GPU 0)]
 Variable containing:
 0.8415
[torch.cuda.FloatTensor of size 1 (GPU 0)]

INFO:root:save model to model/vae_iter_800.pth.tar
INFO:root:Variable containing:
 0.7707
[torch.cuda.FloatTensor of size 1 (GPU 0)]
 Variable containing:
 0.7707
[torch.cuda.FloatTensor of size 1 (GPU 0)]

INFO:root:Variable containing:
 0.9078
[torch.cuda.FloatTensor of size 1 (GPU 0)]
 Variable containing:
 0.9078
[torch.cuda.FloatTensor of size 1 (GPU 0)]

INFO:root:save model to model/vae_iter_1000.pth.tar
INFO:root:Variable containing:
 0.8471
[torch.cuda.FloatTensor of size 1 (GPU 0)]
 Variable containing:
 0.8471
[torch.cuda.FloatTensor of size 1 (GPU 0)]

INFO:root:Variable containing:
 0.7077
[torch.cuda.FloatTensor of size 1 (GPU 0)]
 Variable containing:
 0.7077
[torch.cuda.FloatTensor of size 1 (GPU 0)]

INFO:root:save model to model/vae_iter_1200.pth.tar
INFO:root:Variable containing:
 0.8304
[torch.cuda.FloatTensor of size 1 (GPU 0)]
 Variable containing:
 0.8304
[torch.cuda.FloatTensor of size 1 (GPU 0)]

INFO:root:Variable containing:
 13.8525
[torch.cuda.FloatTensor of size 1 (GPU 0)]
 Variable containing:
 13.8525
[torch.cuda.FloatTensor of size 1 (GPU 0)]

INFO:root:save model to model/vae_iter_1400.pth.tar
